-------------------------------------------------------------------------------
Test set: com.msme.runner.TestRunner
-------------------------------------------------------------------------------
Tests run: 4, Failures: 0, Errors: 4, Skipped: 0, Time elapsed: 0.933 s <<< FAILURE! -- in com.msme.runner.TestRunner
Login page automation of msme.Check login with successful with valid credentials #1 -- Time elapsed: 0.184 s <<< ERROR!
io.cucumber.junit.UndefinedStepException: 
The step 'User is in the login page' and 4 other step(s) are undefined.
You can implement these steps using the snippet(s) below:

@Given("User is in the login page")
public void user_is_in_the_login_page() {
    // Write code here that turns the phrase above into concrete actions
    throw new io.cucumber.java.PendingException();
}
@When("user enters vaalid {string} and {string}")
public void user_enters_vaalid_and(String string, String string2) {
    // Write code here that turns the phrase above into concrete actions
    throw new io.cucumber.java.PendingException();
}
@When("Clicks on login button")
public void clicks_on_login_button() {
    // Write code here that turns the phrase above into concrete actions
    throw new io.cucumber.java.PendingException();
}
@Then("user is navigate to dashboard page")
public void user_is_navigate_to_dashboard_page() {
    // Write code here that turns the phrase above into concrete actions
    throw new io.cucumber.java.PendingException();
}
@Then("close the browser")
public void close_the_browser() {
    // Write code here that turns the phrase above into concrete actions
    throw new io.cucumber.java.PendingException();
}


Login page automation of msme.Check login with successful with valid credentials #2 -- Time elapsed: 0.024 s <<< ERROR!
io.cucumber.junit.UndefinedStepException: 
The step 'User is in the login page' and 4 other step(s) are undefined.
You can implement these steps using the snippet(s) below:

@Given("User is in the login page")
public void user_is_in_the_login_page() {
    // Write code here that turns the phrase above into concrete actions
    throw new io.cucumber.java.PendingException();
}
@When("user enters vaalid {string} and {string}")
public void user_enters_vaalid_and(String string, String string2) {
    // Write code here that turns the phrase above into concrete actions
    throw new io.cucumber.java.PendingException();
}
@When("Clicks on login button")
public void clicks_on_login_button() {
    // Write code here that turns the phrase above into concrete actions
    throw new io.cucumber.java.PendingException();
}
@Then("user is navigate to dashboard page")
public void user_is_navigate_to_dashboard_page() {
    // Write code here that turns the phrase above into concrete actions
    throw new io.cucumber.java.PendingException();
}
@Then("close the browser")
public void close_the_browser() {
    // Write code here that turns the phrase above into concrete actions
    throw new io.cucumber.java.PendingException();
}


Login page automation of msme.Check login with successful with valid credentials #3 -- Time elapsed: 0.020 s <<< ERROR!
io.cucumber.junit.UndefinedStepException: 
The step 'User is in the login page' and 4 other step(s) are undefined.
You can implement these steps using the snippet(s) below:

@Given("User is in the login page")
public void user_is_in_the_login_page() {
    // Write code here that turns the phrase above into concrete actions
    throw new io.cucumber.java.PendingException();
}
@When("user enters vaalid {string} and {string}")
public void user_enters_vaalid_and(String string, String string2) {
    // Write code here that turns the phrase above into concrete actions
    throw new io.cucumber.java.PendingException();
}
@When("Clicks on login button")
public void clicks_on_login_button() {
    // Write code here that turns the phrase above into concrete actions
    throw new io.cucumber.java.PendingException();
}
@Then("user is navigate to dashboard page")
public void user_is_navigate_to_dashboard_page() {
    // Write code here that turns the phrase above into concrete actions
    throw new io.cucumber.java.PendingException();
}
@Then("close the browser")
public void close_the_browser() {
    // Write code here that turns the phrase above into concrete actions
    throw new io.cucumber.java.PendingException();
}


Login page automation of msme.Check login with successful with valid credentials #4 -- Time elapsed: 0.025 s <<< ERROR!
io.cucumber.junit.UndefinedStepException: 
The step 'User is in the login page' and 4 other step(s) are undefined.
You can implement these steps using the snippet(s) below:

@Given("User is in the login page")
public void user_is_in_the_login_page() {
    // Write code here that turns the phrase above into concrete actions
    throw new io.cucumber.java.PendingException();
}
@When("user enters vaalid {string} and {string}")
public void user_enters_vaalid_and(String string, String string2) {
    // Write code here that turns the phrase above into concrete actions
    throw new io.cucumber.java.PendingException();
}
@When("Clicks on login button")
public void clicks_on_login_button() {
    // Write code here that turns the phrase above into concrete actions
    throw new io.cucumber.java.PendingException();
}
@Then("user is navigate to dashboard page")
public void user_is_navigate_to_dashboard_page() {
    // Write code here that turns the phrase above into concrete actions
    throw new io.cucumber.java.PendingException();
}
@Then("close the browser")
public void close_the_browser() {
    // Write code here that turns the phrase above into concrete actions
    throw new io.cucumber.java.PendingException();
}


