<?xml version="1.0" encoding="UTF-8"?>
<testsuite xmlns:xsi="http://www.w3.org/2001/XMLSchema-instance" xsi:noNamespaceSchemaLocation="https://maven.apache.org/surefire/maven-surefire-plugin/xsd/surefire-test-report-3.0.xsd" version="3.0" name="com.msme.runner.TestRunner" time="0.933" tests="4" errors="4" skipped="0" failures="0">
  <properties>
[...]
</properties>
  <testcase name="Check login with successful with valid credentials #1" classname="Login page automation of msme" time="0.184">
    <error message="The step &apos;User is in the login page&apos; and 4 other step(s) are undefined.&#10;You can implement these steps using the snippet(s) below:&#10;&#10;@Given(&quot;User is in the login page&quot;)&#10;public void user_is_in_the_login_page() {&#10;    // Write code here that turns the phrase above into concrete actions&#10;    throw new io.cucumber.java.PendingException();&#10;}&#10;@When(&quot;user enters vaalid {string} and {string}&quot;)&#10;public void user_enters_vaalid_and(String string, String string2) {&#10;    // Write code here that turns the phrase above into concrete actions&#10;    throw new io.cucumber.java.PendingException();&#10;}&#10;@When(&quot;Clicks on login button&quot;)&#10;public void clicks_on_login_button() {&#10;    // Write code here that turns the phrase above into concrete actions&#10;    throw new io.cucumber.java.PendingException();&#10;}&#10;@Then(&quot;user is navigate to dashboard page&quot;)&#10;public void user_is_navigate_to_dashboard_page() {&#10;    // Write code here that turns the phrase above into concrete actions&#10;    throw new io.cucumber.java.PendingException();&#10;}&#10;@Then(&quot;close the browser&quot;)&#10;public void close_the_browser() {&#10;    // Write code here that turns the phrase above into concrete actions&#10;    throw new io.cucumber.java.PendingException();&#10;}&#10;" type="io.cucumber.junit.UndefinedStepException"><![CDATA[io.cucumber.junit.UndefinedStepException: 
The step 'User is in the login page' and 4 other step(s) are undefined.
You can implement these steps using the snippet(s) below:

@Given("User is in the login page")
public void user_is_in_the_login_page() {
    // Write code here that turns the phrase above into concrete actions
    throw new io.cucumber.java.PendingException();
}
@When("user enters vaalid {string} and {string}")
public void user_enters_vaalid_and(String string, String string2) {
    // Write code here that turns the phrase above into concrete actions
    throw new io.cucumber.java.PendingException();
}
@When("Clicks on login button")
public void clicks_on_login_button() {
    // Write code here that turns the phrase above into concrete actions
    throw new io.cucumber.java.PendingException();
}
@Then("user is navigate to dashboard page")
public void user_is_navigate_to_dashboard_page() {
    // Write code here that turns the phrase above into concrete actions
    throw new io.cucumber.java.PendingException();
}
@Then("close the browser")
public void close_the_browser() {
    // Write code here that turns the phrase above into concrete actions
    throw new io.cucumber.java.PendingException();
}

]]></error>
    <system-out><![CDATA[
Scenario: Check login with successful with valid credentials # src/test/resources/FeatureFile/Login.feature:11
  Given User is in the login page
  When user enters vaalid "FMF049872" and "FMF049872"
  And Clicks on login button
  Then user is navigate to dashboard page
  And close the browser
]]></system-out>
  </testcase>
  <testcase name="Check login with successful with valid credentials #2" classname="Login page automation of msme" time="0.024">
    <error message="The step &apos;User is in the login page&apos; and 4 other step(s) are undefined.&#10;You can implement these steps using the snippet(s) below:&#10;&#10;@Given(&quot;User is in the login page&quot;)&#10;public void user_is_in_the_login_page() {&#10;    // Write code here that turns the phrase above into concrete actions&#10;    throw new io.cucumber.java.PendingException();&#10;}&#10;@When(&quot;user enters vaalid {string} and {string}&quot;)&#10;public void user_enters_vaalid_and(String string, String string2) {&#10;    // Write code here that turns the phrase above into concrete actions&#10;    throw new io.cucumber.java.PendingException();&#10;}&#10;@When(&quot;Clicks on login button&quot;)&#10;public void clicks_on_login_button() {&#10;    // Write code here that turns the phrase above into concrete actions&#10;    throw new io.cucumber.java.PendingException();&#10;}&#10;@Then(&quot;user is navigate to dashboard page&quot;)&#10;public void user_is_navigate_to_dashboard_page() {&#10;    // Write code here that turns the phrase above into concrete actions&#10;    throw new io.cucumber.java.PendingException();&#10;}&#10;@Then(&quot;close the browser&quot;)&#10;public void close_the_browser() {&#10;    // Write code here that turns the phrase above into concrete actions&#10;    throw new io.cucumber.java.PendingException();&#10;}&#10;" type="io.cucumber.junit.UndefinedStepException"><![CDATA[io.cucumber.junit.UndefinedStepException: 
The step 'User is in the login page' and 4 other step(s) are undefined.
You can implement these steps using the snippet(s) below:

@Given("User is in the login page")
public void user_is_in_the_login_page() {
    // Write code here that turns the phrase above into concrete actions
    throw new io.cucumber.java.PendingException();
}
@When("user enters vaalid {string} and {string}")
public void user_enters_vaalid_and(String string, String string2) {
    // Write code here that turns the phrase above into concrete actions
    throw new io.cucumber.java.PendingException();
}
@When("Clicks on login button")
public void clicks_on_login_button() {
    // Write code here that turns the phrase above into concrete actions
    throw new io.cucumber.java.PendingException();
}
@Then("user is navigate to dashboard page")
public void user_is_navigate_to_dashboard_page() {
    // Write code here that turns the phrase above into concrete actions
    throw new io.cucumber.java.PendingException();
}
@Then("close the browser")
public void close_the_browser() {
    // Write code here that turns the phrase above into concrete actions
    throw new io.cucumber.java.PendingException();
}

]]></error>
    <system-out><![CDATA[
Scenario: Check login with successful with valid credentials # src/test/resources/FeatureFile/Login.feature:12
  Given User is in the login page
  When user enters vaalid "TEST@123" and "FMF049872"
  And Clicks on login button
  Then user is navigate to dashboard page
  And close the browser
]]></system-out>
  </testcase>
  <testcase name="Check login with successful with valid credentials #3" classname="Login page automation of msme" time="0.02">
    <error message="The step &apos;User is in the login page&apos; and 4 other step(s) are undefined.&#10;You can implement these steps using the snippet(s) below:&#10;&#10;@Given(&quot;User is in the login page&quot;)&#10;public void user_is_in_the_login_page() {&#10;    // Write code here that turns the phrase above into concrete actions&#10;    throw new io.cucumber.java.PendingException();&#10;}&#10;@When(&quot;user enters vaalid {string} and {string}&quot;)&#10;public void user_enters_vaalid_and(String string, String string2) {&#10;    // Write code here that turns the phrase above into concrete actions&#10;    throw new io.cucumber.java.PendingException();&#10;}&#10;@When(&quot;Clicks on login button&quot;)&#10;public void clicks_on_login_button() {&#10;    // Write code here that turns the phrase above into concrete actions&#10;    throw new io.cucumber.java.PendingException();&#10;}&#10;@Then(&quot;user is navigate to dashboard page&quot;)&#10;public void user_is_navigate_to_dashboard_page() {&#10;    // Write code here that turns the phrase above into concrete actions&#10;    throw new io.cucumber.java.PendingException();&#10;}&#10;@Then(&quot;close the browser&quot;)&#10;public void close_the_browser() {&#10;    // Write code here that turns the phrase above into concrete actions&#10;    throw new io.cucumber.java.PendingException();&#10;}&#10;" type="io.cucumber.junit.UndefinedStepException"><![CDATA[io.cucumber.junit.UndefinedStepException: 
The step 'User is in the login page' and 4 other step(s) are undefined.
You can implement these steps using the snippet(s) below:

@Given("User is in the login page")
public void user_is_in_the_login_page() {
    // Write code here that turns the phrase above into concrete actions
    throw new io.cucumber.java.PendingException();
}
@When("user enters vaalid {string} and {string}")
public void user_enters_vaalid_and(String string, String string2) {
    // Write code here that turns the phrase above into concrete actions
    throw new io.cucumber.java.PendingException();
}
@When("Clicks on login button")
public void clicks_on_login_button() {
    // Write code here that turns the phrase above into concrete actions
    throw new io.cucumber.java.PendingException();
}
@Then("user is navigate to dashboard page")
public void user_is_navigate_to_dashboard_page() {
    // Write code here that turns the phrase above into concrete actions
    throw new io.cucumber.java.PendingException();
}
@Then("close the browser")
public void close_the_browser() {
    // Write code here that turns the phrase above into concrete actions
    throw new io.cucumber.java.PendingException();
}

]]></error>
    <system-out><![CDATA[
Scenario: Check login with successful with valid credentials # src/test/resources/FeatureFile/Login.feature:13
  Given User is in the login page
  When user enters vaalid "Fmf049872" and "TEST@123"
  And Clicks on login button
  Then user is navigate to dashboard page
  And close the browser
]]></system-out>
  </testcase>
  <testcase name="Check login with successful with valid credentials #4" classname="Login page automation of msme" time="0.025">
    <error message="The step &apos;User is in the login page&apos; and 4 other step(s) are undefined.&#10;You can implement these steps using the snippet(s) below:&#10;&#10;@Given(&quot;User is in the login page&quot;)&#10;public void user_is_in_the_login_page() {&#10;    // Write code here that turns the phrase above into concrete actions&#10;    throw new io.cucumber.java.PendingException();&#10;}&#10;@When(&quot;user enters vaalid {string} and {string}&quot;)&#10;public void user_enters_vaalid_and(String string, String string2) {&#10;    // Write code here that turns the phrase above into concrete actions&#10;    throw new io.cucumber.java.PendingException();&#10;}&#10;@When(&quot;Clicks on login button&quot;)&#10;public void clicks_on_login_button() {&#10;    // Write code here that turns the phrase above into concrete actions&#10;    throw new io.cucumber.java.PendingException();&#10;}&#10;@Then(&quot;user is navigate to dashboard page&quot;)&#10;public void user_is_navigate_to_dashboard_page() {&#10;    // Write code here that turns the phrase above into concrete actions&#10;    throw new io.cucumber.java.PendingException();&#10;}&#10;@Then(&quot;close the browser&quot;)&#10;public void close_the_browser() {&#10;    // Write code here that turns the phrase above into concrete actions&#10;    throw new io.cucumber.java.PendingException();&#10;}&#10;" type="io.cucumber.junit.UndefinedStepException"><![CDATA[io.cucumber.junit.UndefinedStepException: 
The step 'User is in the login page' and 4 other step(s) are undefined.
You can implement these steps using the snippet(s) below:

@Given("User is in the login page")
public void user_is_in_the_login_page() {
    // Write code here that turns the phrase above into concrete actions
    throw new io.cucumber.java.PendingException();
}
@When("user enters vaalid {string} and {string}")
public void user_enters_vaalid_and(String string, String string2) {
    // Write code here that turns the phrase above into concrete actions
    throw new io.cucumber.java.PendingException();
}
@When("Clicks on login button")
public void clicks_on_login_button() {
    // Write code here that turns the phrase above into concrete actions
    throw new io.cucumber.java.PendingException();
}
@Then("user is navigate to dashboard page")
public void user_is_navigate_to_dashboard_page() {
    // Write code here that turns the phrase above into concrete actions
    throw new io.cucumber.java.PendingException();
}
@Then("close the browser")
public void close_the_browser() {
    // Write code here that turns the phrase above into concrete actions
    throw new io.cucumber.java.PendingException();
}

]]></error>
    <system-out><![CDATA[
Scenario: Check login with successful with valid credentials # src/test/resources/FeatureFile/Login.feature:14
  Given User is in the login page
  When user enters vaalid "FMF049872" and "Test@123"
  And Clicks on login button
  Then user is navigate to dashboard page
  And close the browser
]]></system-out>
  </testcase>
</testsuite>